{"/Users/dkhunt/git/simple-js-validator/lib/simple.js.validator.js":{"path":"/Users/dkhunt/git/simple-js-validator/lib/simple.js.validator.js","s":{"1":1,"2":1,"3":96,"4":6,"5":90,"6":2,"7":88,"8":2,"9":86,"10":6,"11":80,"12":2,"13":78,"14":2,"15":76,"16":2,"17":74,"18":2,"19":72,"20":4,"21":68,"22":0,"23":68,"24":1,"25":14,"26":1,"27":40,"28":4,"29":36,"30":2,"31":34,"32":2,"33":32,"34":6,"35":26,"36":2,"37":24,"38":2,"39":22,"40":10,"41":12,"42":2,"43":10,"44":1,"45":26,"46":1,"47":20,"48":1,"49":19,"50":1,"51":18,"52":1,"53":17,"54":1,"55":16,"56":1,"57":20,"58":1,"59":19,"60":1,"61":18,"62":1,"63":17,"64":1,"65":16,"66":1,"67":0,"68":0,"69":1,"70":0,"71":0,"72":1,"73":0,"74":0,"75":1,"76":0,"77":0,"78":1,"79":8,"80":1,"81":8,"82":8,"83":2,"84":6,"85":2,"86":4,"87":12,"88":12,"89":12,"90":2,"91":1,"92":4,"93":4,"94":1,"95":3,"96":1,"97":0,"98":0,"99":0,"100":0,"101":1,"102":12,"103":1,"104":12,"105":12,"106":2,"107":10,"108":2,"109":8,"110":18,"111":18,"112":18,"113":4,"114":1,"115":6,"116":6,"117":2,"118":4,"119":1,"120":0,"121":0,"122":0,"123":0,"124":1,"125":28,"126":14,"127":14,"128":1,"129":68,"130":0,"131":68,"132":1,"133":122,"134":4,"135":118,"136":1,"137":76,"138":2,"139":74,"140":1,"141":74,"142":2,"143":72,"144":1,"145":94,"146":14,"147":80,"148":1,"149":30,"150":0,"151":30,"152":30,"153":30,"154":30,"155":30,"156":8,"157":8,"158":8,"159":0,"160":30,"161":1,"162":0,"163":0,"164":0,"165":0,"166":0,"167":0,"168":0,"169":0,"170":0,"171":0,"172":0,"173":0,"174":0,"175":0,"176":0,"177":0,"178":0},"b":{"1":[6,90],"2":[2,88],"3":[2,86],"4":[6,80],"5":[2,78],"6":[2,76],"7":[2,74],"8":[2,72],"9":[4,68],"10":[0,68],"11":[4,36],"12":[2,34],"13":[2,32],"14":[6,26],"15":[2,24],"16":[2,22],"17":[10,12],"18":[2,10],"19":[1,19],"20":[1,18],"21":[1,17],"22":[18,12,5],"23":[1,16],"24":[17,11,4],"25":[1,19],"26":[1,18],"27":[1,17],"28":[18,14,5],"29":[1,16],"30":[17,13,4],"31":[0,0],"32":[0,0],"33":[0,0],"34":[0,0],"35":[2,6],"36":[2,4],"37":[2,10],"38":[2,10],"39":[2,8],"40":[4,14],"41":[14,14],"42":[28,20,14],"43":[0,68],"44":[68,20,2],"45":[4,118],"46":[122,20],"47":[2,74],"48":[76,28],"49":[2,72],"50":[74,26],"51":[14,80],"52":[94,38],"53":[0,30],"54":[8,0],"55":[8,8,8],"56":[0,0],"57":[0,0],"58":[0,0],"59":[0,0,0],"60":[0,0],"61":[0,0],"62":[0,1]},"f":{"1":1,"2":96,"3":14,"4":40,"5":26,"6":20,"7":20,"8":0,"9":0,"10":0,"11":0,"12":8,"13":8,"14":4,"15":0,"16":12,"17":12,"18":6,"19":0,"20":28,"21":68,"22":122,"23":76,"24":74,"25":94,"26":30,"27":0},"fnMap":{"1":{"name":"(anonymous_1)","line":8,"loc":{"start":{"line":8,"column":1},"end":{"line":8,"column":19}}},"2":{"name":"(anonymous_2)","line":32,"loc":{"start":{"line":32,"column":36},"end":{"line":32,"column":52}}},"3":{"name":"(anonymous_3)","line":89,"loc":{"start":{"line":89,"column":42},"end":{"line":89,"column":58}}},"4":{"name":"(anonymous_4)","line":114,"loc":{"start":{"line":114,"column":40},"end":{"line":114,"column":56}}},"5":{"name":"(anonymous_5)","line":158,"loc":{"start":{"line":158,"column":46},"end":{"line":158,"column":62}}},"6":{"name":"(anonymous_6)","line":187,"loc":{"start":{"line":187,"column":34},"end":{"line":187,"column":50}}},"7":{"name":"(anonymous_7)","line":226,"loc":{"start":{"line":226,"column":36},"end":{"line":226,"column":52}}},"8":{"name":"(anonymous_8)","line":248,"loc":{"start":{"line":248,"column":52},"end":{"line":248,"column":87}}},"9":{"name":"(anonymous_9)","line":261,"loc":{"start":{"line":261,"column":58},"end":{"line":261,"column":93}}},"10":{"name":"(anonymous_10)","line":274,"loc":{"start":{"line":274,"column":54},"end":{"line":274,"column":89}}},"11":{"name":"(anonymous_11)","line":287,"loc":{"start":{"line":287,"column":48},"end":{"line":287,"column":83}}},"12":{"name":"(anonymous_12)","line":301,"loc":{"start":{"line":301,"column":86},"end":{"line":301,"column":138}}},"13":{"name":"(anonymous_13)","line":314,"loc":{"start":{"line":314,"column":70},"end":{"line":314,"column":131}}},"14":{"name":"(anonymous_14)","line":345,"loc":{"start":{"line":345,"column":96},"end":{"line":345,"column":158}}},"15":{"name":"(anonymous_15)","line":364,"loc":{"start":{"line":364,"column":80},"end":{"line":364,"column":153}}},"16":{"name":"(anonymous_16)","line":382,"loc":{"start":{"line":382,"column":88},"end":{"line":382,"column":140}}},"17":{"name":"(anonymous_17)","line":395,"loc":{"start":{"line":395,"column":72},"end":{"line":395,"column":133}}},"18":{"name":"(anonymous_18)","line":426,"loc":{"start":{"line":426,"column":98},"end":{"line":426,"column":160}}},"19":{"name":"(anonymous_19)","line":446,"loc":{"start":{"line":446,"column":82},"end":{"line":446,"column":155}}},"20":{"name":"(anonymous_20)","line":462,"loc":{"start":{"line":462,"column":36},"end":{"line":462,"column":50}}},"21":{"name":"(anonymous_21)","line":476,"loc":{"start":{"line":476,"column":46},"end":{"line":476,"column":60}}},"22":{"name":"(anonymous_22)","line":490,"loc":{"start":{"line":490,"column":32},"end":{"line":490,"column":46}}},"23":{"name":"(anonymous_23)","line":506,"loc":{"start":{"line":506,"column":34},"end":{"line":506,"column":48}}},"24":{"name":"(anonymous_24)","line":525,"loc":{"start":{"line":525,"column":36},"end":{"line":525,"column":50}}},"25":{"name":"(anonymous_25)","line":540,"loc":{"start":{"line":540,"column":38},"end":{"line":540,"column":52}}},"26":{"name":"(anonymous_26)","line":561,"loc":{"start":{"line":561,"column":60},"end":{"line":561,"column":86}}},"27":{"name":"(anonymous_27)","line":591,"loc":{"start":{"line":591,"column":61},"end":{"line":591,"column":97}}}},"statementMap":{"1":{"start":{"line":8,"column":0},"end":{"line":624,"column":57}},"2":{"start":{"line":32,"column":4},"end":{"line":66,"column":6}},"3":{"start":{"line":34,"column":8},"end":{"line":65,"column":9}},"4":{"start":{"line":35,"column":12},"end":{"line":35,"column":24}},"5":{"start":{"line":36,"column":15},"end":{"line":65,"column":9}},"6":{"start":{"line":37,"column":12},"end":{"line":37,"column":24}},"7":{"start":{"line":38,"column":15},"end":{"line":65,"column":9}},"8":{"start":{"line":39,"column":12},"end":{"line":39,"column":24}},"9":{"start":{"line":40,"column":15},"end":{"line":65,"column":9}},"10":{"start":{"line":41,"column":12},"end":{"line":41,"column":24}},"11":{"start":{"line":42,"column":15},"end":{"line":65,"column":9}},"12":{"start":{"line":43,"column":12},"end":{"line":43,"column":25}},"13":{"start":{"line":44,"column":15},"end":{"line":65,"column":9}},"14":{"start":{"line":45,"column":12},"end":{"line":45,"column":25}},"15":{"start":{"line":46,"column":15},"end":{"line":65,"column":9}},"16":{"start":{"line":52,"column":12},"end":{"line":52,"column":25}},"17":{"start":{"line":53,"column":15},"end":{"line":65,"column":9}},"18":{"start":{"line":56,"column":12},"end":{"line":56,"column":25}},"19":{"start":{"line":57,"column":15},"end":{"line":65,"column":9}},"20":{"start":{"line":60,"column":12},"end":{"line":60,"column":24}},"21":{"start":{"line":61,"column":15},"end":{"line":65,"column":9}},"22":{"start":{"line":62,"column":12},"end":{"line":62,"column":24}},"23":{"start":{"line":64,"column":12},"end":{"line":64,"column":25}},"24":{"start":{"line":89,"column":4},"end":{"line":91,"column":6}},"25":{"start":{"line":90,"column":8},"end":{"line":90,"column":31}},"26":{"start":{"line":114,"column":4},"end":{"line":135,"column":6}},"27":{"start":{"line":116,"column":8},"end":{"line":134,"column":9}},"28":{"start":{"line":117,"column":12},"end":{"line":117,"column":25}},"29":{"start":{"line":118,"column":15},"end":{"line":134,"column":9}},"30":{"start":{"line":119,"column":12},"end":{"line":119,"column":25}},"31":{"start":{"line":120,"column":15},"end":{"line":134,"column":9}},"32":{"start":{"line":121,"column":12},"end":{"line":121,"column":25}},"33":{"start":{"line":122,"column":15},"end":{"line":134,"column":9}},"34":{"start":{"line":123,"column":12},"end":{"line":123,"column":24}},"35":{"start":{"line":124,"column":15},"end":{"line":134,"column":9}},"36":{"start":{"line":125,"column":12},"end":{"line":125,"column":24}},"37":{"start":{"line":126,"column":15},"end":{"line":134,"column":9}},"38":{"start":{"line":127,"column":12},"end":{"line":127,"column":24}},"39":{"start":{"line":128,"column":15},"end":{"line":134,"column":9}},"40":{"start":{"line":129,"column":12},"end":{"line":129,"column":24}},"41":{"start":{"line":130,"column":15},"end":{"line":134,"column":9}},"42":{"start":{"line":131,"column":12},"end":{"line":131,"column":24}},"43":{"start":{"line":133,"column":12},"end":{"line":133,"column":24}},"44":{"start":{"line":158,"column":4},"end":{"line":160,"column":6}},"45":{"start":{"line":159,"column":8},"end":{"line":159,"column":33}},"46":{"start":{"line":187,"column":4},"end":{"line":199,"column":6}},"47":{"start":{"line":188,"column":8},"end":{"line":198,"column":9}},"48":{"start":{"line":189,"column":12},"end":{"line":189,"column":24}},"49":{"start":{"line":190,"column":15},"end":{"line":198,"column":9}},"50":{"start":{"line":191,"column":12},"end":{"line":191,"column":24}},"51":{"start":{"line":192,"column":15},"end":{"line":198,"column":9}},"52":{"start":{"line":193,"column":12},"end":{"line":193,"column":24}},"53":{"start":{"line":194,"column":15},"end":{"line":198,"column":9}},"54":{"start":{"line":195,"column":12},"end":{"line":195,"column":24}},"55":{"start":{"line":197,"column":12},"end":{"line":197,"column":25}},"56":{"start":{"line":226,"column":4},"end":{"line":238,"column":6}},"57":{"start":{"line":227,"column":8},"end":{"line":237,"column":9}},"58":{"start":{"line":228,"column":12},"end":{"line":228,"column":24}},"59":{"start":{"line":229,"column":15},"end":{"line":237,"column":9}},"60":{"start":{"line":230,"column":12},"end":{"line":230,"column":24}},"61":{"start":{"line":231,"column":15},"end":{"line":237,"column":9}},"62":{"start":{"line":232,"column":12},"end":{"line":232,"column":24}},"63":{"start":{"line":233,"column":15},"end":{"line":237,"column":9}},"64":{"start":{"line":234,"column":12},"end":{"line":234,"column":24}},"65":{"start":{"line":236,"column":12},"end":{"line":236,"column":25}},"66":{"start":{"line":248,"column":4},"end":{"line":252,"column":6}},"67":{"start":{"line":249,"column":8},"end":{"line":251,"column":9}},"68":{"start":{"line":250,"column":12},"end":{"line":250,"column":63}},"69":{"start":{"line":261,"column":4},"end":{"line":265,"column":6}},"70":{"start":{"line":262,"column":8},"end":{"line":264,"column":9}},"71":{"start":{"line":263,"column":12},"end":{"line":263,"column":59}},"72":{"start":{"line":274,"column":4},"end":{"line":278,"column":6}},"73":{"start":{"line":275,"column":8},"end":{"line":277,"column":9}},"74":{"start":{"line":276,"column":12},"end":{"line":276,"column":57}},"75":{"start":{"line":287,"column":4},"end":{"line":291,"column":6}},"76":{"start":{"line":288,"column":8},"end":{"line":290,"column":9}},"77":{"start":{"line":289,"column":12},"end":{"line":289,"column":61}},"78":{"start":{"line":301,"column":4},"end":{"line":303,"column":6}},"79":{"start":{"line":302,"column":8},"end":{"line":302,"column":94}},"80":{"start":{"line":314,"column":4},"end":{"line":334,"column":6}},"81":{"start":{"line":315,"column":8},"end":{"line":315,"column":74}},"82":{"start":{"line":317,"column":8},"end":{"line":319,"column":9}},"83":{"start":{"line":318,"column":12},"end":{"line":318,"column":78}},"84":{"start":{"line":321,"column":8},"end":{"line":323,"column":9}},"85":{"start":{"line":322,"column":12},"end":{"line":322,"column":80}},"86":{"start":{"line":325,"column":8},"end":{"line":333,"column":9}},"87":{"start":{"line":326,"column":12},"end":{"line":326,"column":44}},"88":{"start":{"line":328,"column":12},"end":{"line":328,"column":60}},"89":{"start":{"line":330,"column":12},"end":{"line":332,"column":13}},"90":{"start":{"line":331,"column":16},"end":{"line":331,"column":110}},"91":{"start":{"line":345,"column":4},"end":{"line":353,"column":6}},"92":{"start":{"line":347,"column":8},"end":{"line":352,"column":9}},"93":{"start":{"line":348,"column":12},"end":{"line":348,"column":87}},"94":{"start":{"line":349,"column":12},"end":{"line":349,"column":42}},"95":{"start":{"line":351,"column":12},"end":{"line":351,"column":39}},"96":{"start":{"line":364,"column":4},"end":{"line":372,"column":6}},"97":{"start":{"line":366,"column":8},"end":{"line":371,"column":9}},"98":{"start":{"line":367,"column":12},"end":{"line":367,"column":90}},"99":{"start":{"line":368,"column":12},"end":{"line":368,"column":42}},"100":{"start":{"line":370,"column":12},"end":{"line":370,"column":39}},"101":{"start":{"line":382,"column":4},"end":{"line":384,"column":6}},"102":{"start":{"line":383,"column":8},"end":{"line":383,"column":95}},"103":{"start":{"line":395,"column":4},"end":{"line":415,"column":6}},"104":{"start":{"line":396,"column":8},"end":{"line":396,"column":75}},"105":{"start":{"line":398,"column":8},"end":{"line":400,"column":9}},"106":{"start":{"line":399,"column":12},"end":{"line":399,"column":78}},"107":{"start":{"line":402,"column":8},"end":{"line":404,"column":9}},"108":{"start":{"line":403,"column":12},"end":{"line":403,"column":80}},"109":{"start":{"line":406,"column":8},"end":{"line":414,"column":9}},"110":{"start":{"line":407,"column":12},"end":{"line":407,"column":44}},"111":{"start":{"line":409,"column":12},"end":{"line":409,"column":60}},"112":{"start":{"line":411,"column":12},"end":{"line":413,"column":13}},"113":{"start":{"line":412,"column":16},"end":{"line":412,"column":112}},"114":{"start":{"line":426,"column":4},"end":{"line":434,"column":6}},"115":{"start":{"line":428,"column":8},"end":{"line":433,"column":9}},"116":{"start":{"line":429,"column":12},"end":{"line":429,"column":88}},"117":{"start":{"line":430,"column":12},"end":{"line":430,"column":42}},"118":{"start":{"line":432,"column":12},"end":{"line":432,"column":39}},"119":{"start":{"line":446,"column":4},"end":{"line":454,"column":6}},"120":{"start":{"line":448,"column":8},"end":{"line":453,"column":9}},"121":{"start":{"line":449,"column":12},"end":{"line":449,"column":91}},"122":{"start":{"line":450,"column":12},"end":{"line":450,"column":42}},"123":{"start":{"line":452,"column":12},"end":{"line":452,"column":39}},"124":{"start":{"line":462,"column":4},"end":{"line":468,"column":6}},"125":{"start":{"line":463,"column":8},"end":{"line":467,"column":9}},"126":{"start":{"line":464,"column":12},"end":{"line":464,"column":24}},"127":{"start":{"line":466,"column":12},"end":{"line":466,"column":25}},"128":{"start":{"line":476,"column":4},"end":{"line":482,"column":6}},"129":{"start":{"line":477,"column":8},"end":{"line":481,"column":9}},"130":{"start":{"line":478,"column":12},"end":{"line":478,"column":24}},"131":{"start":{"line":480,"column":12},"end":{"line":480,"column":25}},"132":{"start":{"line":490,"column":4},"end":{"line":498,"column":6}},"133":{"start":{"line":493,"column":8},"end":{"line":497,"column":9}},"134":{"start":{"line":494,"column":12},"end":{"line":494,"column":24}},"135":{"start":{"line":496,"column":12},"end":{"line":496,"column":25}},"136":{"start":{"line":506,"column":4},"end":{"line":517,"column":6}},"137":{"start":{"line":512,"column":8},"end":{"line":516,"column":9}},"138":{"start":{"line":513,"column":12},"end":{"line":513,"column":24}},"139":{"start":{"line":515,"column":12},"end":{"line":515,"column":25}},"140":{"start":{"line":525,"column":4},"end":{"line":532,"column":6}},"141":{"start":{"line":527,"column":8},"end":{"line":531,"column":9}},"142":{"start":{"line":528,"column":12},"end":{"line":528,"column":24}},"143":{"start":{"line":530,"column":12},"end":{"line":530,"column":25}},"144":{"start":{"line":540,"column":4},"end":{"line":549,"column":6}},"145":{"start":{"line":544,"column":8},"end":{"line":548,"column":9}},"146":{"start":{"line":545,"column":12},"end":{"line":545,"column":24}},"147":{"start":{"line":547,"column":12},"end":{"line":547,"column":25}},"148":{"start":{"line":561,"column":4},"end":{"line":579,"column":6}},"149":{"start":{"line":562,"column":8},"end":{"line":562,"column":46}},"150":{"start":{"line":562,"column":34},"end":{"line":562,"column":45}},"151":{"start":{"line":564,"column":8},"end":{"line":564,"column":17}},"152":{"start":{"line":565,"column":8},"end":{"line":565,"column":42}},"153":{"start":{"line":567,"column":8},"end":{"line":567,"column":42}},"154":{"start":{"line":568,"column":8},"end":{"line":568,"column":16}},"155":{"start":{"line":569,"column":8},"end":{"line":577,"column":9}},"156":{"start":{"line":570,"column":12},"end":{"line":570,"column":28}},"157":{"start":{"line":572,"column":12},"end":{"line":576,"column":13}},"158":{"start":{"line":573,"column":16},"end":{"line":573,"column":32}},"159":{"start":{"line":575,"column":16},"end":{"line":575,"column":22}},"160":{"start":{"line":578,"column":8},"end":{"line":578,"column":29}},"161":{"start":{"line":591,"column":4},"end":{"line":622,"column":6}},"162":{"start":{"line":592,"column":8},"end":{"line":592,"column":46}},"163":{"start":{"line":592,"column":34},"end":{"line":592,"column":45}},"164":{"start":{"line":594,"column":8},"end":{"line":594,"column":17}},"165":{"start":{"line":595,"column":8},"end":{"line":595,"column":42}},"166":{"start":{"line":597,"column":8},"end":{"line":597,"column":42}},"167":{"start":{"line":599,"column":8},"end":{"line":620,"column":9}},"168":{"start":{"line":600,"column":12},"end":{"line":600,"column":39}},"169":{"start":{"line":602,"column":12},"end":{"line":602,"column":32}},"170":{"start":{"line":603,"column":12},"end":{"line":611,"column":13}},"171":{"start":{"line":604,"column":16},"end":{"line":604,"column":32}},"172":{"start":{"line":606,"column":16},"end":{"line":610,"column":17}},"173":{"start":{"line":607,"column":20},"end":{"line":607,"column":36}},"174":{"start":{"line":609,"column":20},"end":{"line":609,"column":26}},"175":{"start":{"line":614,"column":12},"end":{"line":614,"column":28}},"176":{"start":{"line":615,"column":12},"end":{"line":619,"column":13}},"177":{"start":{"line":616,"column":16},"end":{"line":616,"column":37}},"178":{"start":{"line":621,"column":8},"end":{"line":621,"column":15}}},"branchMap":{"1":{"line":34,"type":"if","locations":[{"start":{"line":34,"column":8},"end":{"line":34,"column":8}},{"start":{"line":34,"column":8},"end":{"line":34,"column":8}}]},"2":{"line":36,"type":"if","locations":[{"start":{"line":36,"column":15},"end":{"line":36,"column":15}},{"start":{"line":36,"column":15},"end":{"line":36,"column":15}}]},"3":{"line":38,"type":"if","locations":[{"start":{"line":38,"column":15},"end":{"line":38,"column":15}},{"start":{"line":38,"column":15},"end":{"line":38,"column":15}}]},"4":{"line":40,"type":"if","locations":[{"start":{"line":40,"column":15},"end":{"line":40,"column":15}},{"start":{"line":40,"column":15},"end":{"line":40,"column":15}}]},"5":{"line":42,"type":"if","locations":[{"start":{"line":42,"column":15},"end":{"line":42,"column":15}},{"start":{"line":42,"column":15},"end":{"line":42,"column":15}}]},"6":{"line":44,"type":"if","locations":[{"start":{"line":44,"column":15},"end":{"line":44,"column":15}},{"start":{"line":44,"column":15},"end":{"line":44,"column":15}}]},"7":{"line":46,"type":"if","locations":[{"start":{"line":46,"column":15},"end":{"line":46,"column":15}},{"start":{"line":46,"column":15},"end":{"line":46,"column":15}}]},"8":{"line":53,"type":"if","locations":[{"start":{"line":53,"column":15},"end":{"line":53,"column":15}},{"start":{"line":53,"column":15},"end":{"line":53,"column":15}}]},"9":{"line":57,"type":"if","locations":[{"start":{"line":57,"column":15},"end":{"line":57,"column":15}},{"start":{"line":57,"column":15},"end":{"line":57,"column":15}}]},"10":{"line":61,"type":"if","locations":[{"start":{"line":61,"column":15},"end":{"line":61,"column":15}},{"start":{"line":61,"column":15},"end":{"line":61,"column":15}}]},"11":{"line":116,"type":"if","locations":[{"start":{"line":116,"column":8},"end":{"line":116,"column":8}},{"start":{"line":116,"column":8},"end":{"line":116,"column":8}}]},"12":{"line":118,"type":"if","locations":[{"start":{"line":118,"column":15},"end":{"line":118,"column":15}},{"start":{"line":118,"column":15},"end":{"line":118,"column":15}}]},"13":{"line":120,"type":"if","locations":[{"start":{"line":120,"column":15},"end":{"line":120,"column":15}},{"start":{"line":120,"column":15},"end":{"line":120,"column":15}}]},"14":{"line":122,"type":"if","locations":[{"start":{"line":122,"column":15},"end":{"line":122,"column":15}},{"start":{"line":122,"column":15},"end":{"line":122,"column":15}}]},"15":{"line":124,"type":"if","locations":[{"start":{"line":124,"column":15},"end":{"line":124,"column":15}},{"start":{"line":124,"column":15},"end":{"line":124,"column":15}}]},"16":{"line":126,"type":"if","locations":[{"start":{"line":126,"column":15},"end":{"line":126,"column":15}},{"start":{"line":126,"column":15},"end":{"line":126,"column":15}}]},"17":{"line":128,"type":"if","locations":[{"start":{"line":128,"column":15},"end":{"line":128,"column":15}},{"start":{"line":128,"column":15},"end":{"line":128,"column":15}}]},"18":{"line":130,"type":"if","locations":[{"start":{"line":130,"column":15},"end":{"line":130,"column":15}},{"start":{"line":130,"column":15},"end":{"line":130,"column":15}}]},"19":{"line":188,"type":"if","locations":[{"start":{"line":188,"column":8},"end":{"line":188,"column":8}},{"start":{"line":188,"column":8},"end":{"line":188,"column":8}}]},"20":{"line":190,"type":"if","locations":[{"start":{"line":190,"column":15},"end":{"line":190,"column":15}},{"start":{"line":190,"column":15},"end":{"line":190,"column":15}}]},"21":{"line":192,"type":"if","locations":[{"start":{"line":192,"column":15},"end":{"line":192,"column":15}},{"start":{"line":192,"column":15},"end":{"line":192,"column":15}}]},"22":{"line":192,"type":"binary-expr","locations":[{"start":{"line":192,"column":19},"end":{"line":192,"column":24}},{"start":{"line":192,"column":28},"end":{"line":192,"column":53}},{"start":{"line":192,"column":57},"end":{"line":192,"column":87}}]},"23":{"line":194,"type":"if","locations":[{"start":{"line":194,"column":15},"end":{"line":194,"column":15}},{"start":{"line":194,"column":15},"end":{"line":194,"column":15}}]},"24":{"line":194,"type":"binary-expr","locations":[{"start":{"line":194,"column":19},"end":{"line":194,"column":24}},{"start":{"line":194,"column":28},"end":{"line":194,"column":53}},{"start":{"line":194,"column":58},"end":{"line":194,"column":85}}]},"25":{"line":227,"type":"if","locations":[{"start":{"line":227,"column":8},"end":{"line":227,"column":8}},{"start":{"line":227,"column":8},"end":{"line":227,"column":8}}]},"26":{"line":229,"type":"if","locations":[{"start":{"line":229,"column":15},"end":{"line":229,"column":15}},{"start":{"line":229,"column":15},"end":{"line":229,"column":15}}]},"27":{"line":231,"type":"if","locations":[{"start":{"line":231,"column":15},"end":{"line":231,"column":15}},{"start":{"line":231,"column":15},"end":{"line":231,"column":15}}]},"28":{"line":231,"type":"binary-expr","locations":[{"start":{"line":231,"column":19},"end":{"line":231,"column":24}},{"start":{"line":231,"column":28},"end":{"line":231,"column":53}},{"start":{"line":231,"column":58},"end":{"line":231,"column":89}}]},"29":{"line":233,"type":"if","locations":[{"start":{"line":233,"column":15},"end":{"line":233,"column":15}},{"start":{"line":233,"column":15},"end":{"line":233,"column":15}}]},"30":{"line":233,"type":"binary-expr","locations":[{"start":{"line":233,"column":19},"end":{"line":233,"column":24}},{"start":{"line":233,"column":28},"end":{"line":233,"column":53}},{"start":{"line":233,"column":58},"end":{"line":233,"column":85}}]},"31":{"line":249,"type":"if","locations":[{"start":{"line":249,"column":8},"end":{"line":249,"column":8}},{"start":{"line":249,"column":8},"end":{"line":249,"column":8}}]},"32":{"line":262,"type":"if","locations":[{"start":{"line":262,"column":8},"end":{"line":262,"column":8}},{"start":{"line":262,"column":8},"end":{"line":262,"column":8}}]},"33":{"line":275,"type":"if","locations":[{"start":{"line":275,"column":8},"end":{"line":275,"column":8}},{"start":{"line":275,"column":8},"end":{"line":275,"column":8}}]},"34":{"line":288,"type":"if","locations":[{"start":{"line":288,"column":8},"end":{"line":288,"column":8}},{"start":{"line":288,"column":8},"end":{"line":288,"column":8}}]},"35":{"line":317,"type":"if","locations":[{"start":{"line":317,"column":8},"end":{"line":317,"column":8}},{"start":{"line":317,"column":8},"end":{"line":317,"column":8}}]},"36":{"line":321,"type":"if","locations":[{"start":{"line":321,"column":8},"end":{"line":321,"column":8}},{"start":{"line":321,"column":8},"end":{"line":321,"column":8}}]},"37":{"line":330,"type":"if","locations":[{"start":{"line":330,"column":12},"end":{"line":330,"column":12}},{"start":{"line":330,"column":12},"end":{"line":330,"column":12}}]},"38":{"line":398,"type":"if","locations":[{"start":{"line":398,"column":8},"end":{"line":398,"column":8}},{"start":{"line":398,"column":8},"end":{"line":398,"column":8}}]},"39":{"line":402,"type":"if","locations":[{"start":{"line":402,"column":8},"end":{"line":402,"column":8}},{"start":{"line":402,"column":8},"end":{"line":402,"column":8}}]},"40":{"line":411,"type":"if","locations":[{"start":{"line":411,"column":12},"end":{"line":411,"column":12}},{"start":{"line":411,"column":12},"end":{"line":411,"column":12}}]},"41":{"line":463,"type":"if","locations":[{"start":{"line":463,"column":8},"end":{"line":463,"column":8}},{"start":{"line":463,"column":8},"end":{"line":463,"column":8}}]},"42":{"line":463,"type":"binary-expr","locations":[{"start":{"line":463,"column":12},"end":{"line":463,"column":35}},{"start":{"line":463,"column":39},"end":{"line":463,"column":72}},{"start":{"line":463,"column":76},"end":{"line":463,"column":91}}]},"43":{"line":477,"type":"if","locations":[{"start":{"line":477,"column":8},"end":{"line":477,"column":8}},{"start":{"line":477,"column":8},"end":{"line":477,"column":8}}]},"44":{"line":477,"type":"binary-expr","locations":[{"start":{"line":477,"column":12},"end":{"line":477,"column":35}},{"start":{"line":477,"column":39},"end":{"line":477,"column":72}},{"start":{"line":477,"column":76},"end":{"line":477,"column":92}}]},"45":{"line":493,"type":"if","locations":[{"start":{"line":493,"column":8},"end":{"line":493,"column":8}},{"start":{"line":493,"column":8},"end":{"line":493,"column":8}}]},"46":{"line":493,"type":"binary-expr","locations":[{"start":{"line":493,"column":12},"end":{"line":493,"column":35}},{"start":{"line":493,"column":39},"end":{"line":493,"column":49}}]},"47":{"line":512,"type":"if","locations":[{"start":{"line":512,"column":8},"end":{"line":512,"column":8}},{"start":{"line":512,"column":8},"end":{"line":512,"column":8}}]},"48":{"line":512,"type":"binary-expr","locations":[{"start":{"line":512,"column":12},"end":{"line":512,"column":35}},{"start":{"line":512,"column":39},"end":{"line":512,"column":94}}]},"49":{"line":527,"type":"if","locations":[{"start":{"line":527,"column":8},"end":{"line":527,"column":8}},{"start":{"line":527,"column":8},"end":{"line":527,"column":8}}]},"50":{"line":527,"type":"binary-expr","locations":[{"start":{"line":527,"column":12},"end":{"line":527,"column":35}},{"start":{"line":527,"column":39},"end":{"line":527,"column":95}}]},"51":{"line":544,"type":"if","locations":[{"start":{"line":544,"column":8},"end":{"line":544,"column":8}},{"start":{"line":544,"column":8},"end":{"line":544,"column":8}}]},"52":{"line":544,"type":"binary-expr","locations":[{"start":{"line":544,"column":12},"end":{"line":544,"column":35}},{"start":{"line":544,"column":39},"end":{"line":544,"column":68}}]},"53":{"line":562,"type":"if","locations":[{"start":{"line":562,"column":8},"end":{"line":562,"column":8}},{"start":{"line":562,"column":8},"end":{"line":562,"column":8}}]},"54":{"line":572,"type":"if","locations":[{"start":{"line":572,"column":12},"end":{"line":572,"column":12}},{"start":{"line":572,"column":12},"end":{"line":572,"column":12}}]},"55":{"line":572,"type":"binary-expr","locations":[{"start":{"line":572,"column":16},"end":{"line":572,"column":39}},{"start":{"line":572,"column":43},"end":{"line":572,"column":55}},{"start":{"line":572,"column":59},"end":{"line":572,"column":70}}]},"56":{"line":592,"type":"if","locations":[{"start":{"line":592,"column":8},"end":{"line":592,"column":8}},{"start":{"line":592,"column":8},"end":{"line":592,"column":8}}]},"57":{"line":599,"type":"if","locations":[{"start":{"line":599,"column":8},"end":{"line":599,"column":8}},{"start":{"line":599,"column":8},"end":{"line":599,"column":8}}]},"58":{"line":606,"type":"if","locations":[{"start":{"line":606,"column":16},"end":{"line":606,"column":16}},{"start":{"line":606,"column":16},"end":{"line":606,"column":16}}]},"59":{"line":606,"type":"binary-expr","locations":[{"start":{"line":606,"column":20},"end":{"line":606,"column":43}},{"start":{"line":606,"column":47},"end":{"line":606,"column":59}},{"start":{"line":606,"column":63},"end":{"line":606,"column":74}}]},"60":{"line":615,"type":"if","locations":[{"start":{"line":615,"column":12},"end":{"line":615,"column":12}},{"start":{"line":615,"column":12},"end":{"line":615,"column":12}}]},"61":{"line":615,"type":"binary-expr","locations":[{"start":{"line":615,"column":16},"end":{"line":615,"column":39}},{"start":{"line":615,"column":43},"end":{"line":615,"column":55}}]},"62":{"line":624,"type":"cond-expr","locations":[{"start":{"line":624,"column":35},"end":{"line":624,"column":46}},{"start":{"line":624,"column":48},"end":{"line":624,"column":55}}]}}}}