TN:
SF:/Users/dkhunt/git/simple-js-validator/lib/simple.js.validator.js
FN:8,(anonymous_1)
FN:32,(anonymous_2)
FN:89,(anonymous_3)
FN:114,(anonymous_4)
FN:158,(anonymous_5)
FN:187,(anonymous_6)
FN:226,(anonymous_7)
FN:248,(anonymous_8)
FN:261,(anonymous_9)
FN:274,(anonymous_10)
FN:287,(anonymous_11)
FN:301,(anonymous_12)
FN:314,(anonymous_13)
FN:345,(anonymous_14)
FN:364,(anonymous_15)
FN:382,(anonymous_16)
FN:395,(anonymous_17)
FN:426,(anonymous_18)
FN:446,(anonymous_19)
FN:462,(anonymous_20)
FN:476,(anonymous_21)
FN:490,(anonymous_22)
FN:506,(anonymous_23)
FN:525,(anonymous_24)
FN:540,(anonymous_25)
FN:561,(anonymous_26)
FN:591,(anonymous_27)
FNF:27
FNH:20
FNDA:1,(anonymous_1)
FNDA:96,(anonymous_2)
FNDA:14,(anonymous_3)
FNDA:40,(anonymous_4)
FNDA:26,(anonymous_5)
FNDA:20,(anonymous_6)
FNDA:20,(anonymous_7)
FNDA:0,(anonymous_8)
FNDA:0,(anonymous_9)
FNDA:0,(anonymous_10)
FNDA:0,(anonymous_11)
FNDA:8,(anonymous_12)
FNDA:8,(anonymous_13)
FNDA:4,(anonymous_14)
FNDA:0,(anonymous_15)
FNDA:12,(anonymous_16)
FNDA:12,(anonymous_17)
FNDA:6,(anonymous_18)
FNDA:0,(anonymous_19)
FNDA:28,(anonymous_20)
FNDA:68,(anonymous_21)
FNDA:122,(anonymous_22)
FNDA:76,(anonymous_23)
FNDA:74,(anonymous_24)
FNDA:94,(anonymous_25)
FNDA:30,(anonymous_26)
FNDA:0,(anonymous_27)
DA:8,1
DA:32,1
DA:34,96
DA:35,6
DA:36,90
DA:37,2
DA:38,88
DA:39,2
DA:40,86
DA:41,6
DA:42,80
DA:43,2
DA:44,78
DA:45,2
DA:46,76
DA:52,2
DA:53,74
DA:56,2
DA:57,72
DA:60,4
DA:61,68
DA:62,0
DA:64,68
DA:89,1
DA:90,14
DA:114,1
DA:116,40
DA:117,4
DA:118,36
DA:119,2
DA:120,34
DA:121,2
DA:122,32
DA:123,6
DA:124,26
DA:125,2
DA:126,24
DA:127,2
DA:128,22
DA:129,10
DA:130,12
DA:131,2
DA:133,10
DA:158,1
DA:159,26
DA:187,1
DA:188,20
DA:189,1
DA:190,19
DA:191,1
DA:192,18
DA:193,1
DA:194,17
DA:195,1
DA:197,16
DA:226,1
DA:227,20
DA:228,1
DA:229,19
DA:230,1
DA:231,18
DA:232,1
DA:233,17
DA:234,1
DA:236,16
DA:248,1
DA:249,0
DA:250,0
DA:261,1
DA:262,0
DA:263,0
DA:274,1
DA:275,0
DA:276,0
DA:287,1
DA:288,0
DA:289,0
DA:301,1
DA:302,8
DA:314,1
DA:315,8
DA:317,8
DA:318,2
DA:321,6
DA:322,2
DA:325,4
DA:326,12
DA:328,12
DA:330,12
DA:331,2
DA:345,1
DA:347,4
DA:348,4
DA:349,1
DA:351,3
DA:364,1
DA:366,0
DA:367,0
DA:368,0
DA:370,0
DA:382,1
DA:383,12
DA:395,1
DA:396,12
DA:398,12
DA:399,2
DA:402,10
DA:403,2
DA:406,8
DA:407,18
DA:409,18
DA:411,18
DA:412,4
DA:426,1
DA:428,6
DA:429,6
DA:430,2
DA:432,4
DA:446,1
DA:448,0
DA:449,0
DA:450,0
DA:452,0
DA:462,1
DA:463,28
DA:464,14
DA:466,14
DA:476,1
DA:477,68
DA:478,0
DA:480,68
DA:490,1
DA:493,122
DA:494,4
DA:496,118
DA:506,1
DA:512,76
DA:513,2
DA:515,74
DA:525,1
DA:527,74
DA:528,2
DA:530,72
DA:540,1
DA:544,94
DA:545,14
DA:547,80
DA:561,1
DA:562,30
DA:564,30
DA:565,30
DA:567,30
DA:568,30
DA:569,30
DA:570,8
DA:572,8
DA:573,8
DA:575,0
DA:578,30
DA:591,1
DA:592,0
DA:594,0
DA:595,0
DA:597,0
DA:599,0
DA:600,0
DA:602,0
DA:603,0
DA:604,0
DA:606,0
DA:607,0
DA:609,0
DA:614,0
DA:615,0
DA:616,0
DA:621,0
LF:176
LH:141
BRDA:34,1,0,6
BRDA:34,1,1,90
BRDA:36,2,0,2
BRDA:36,2,1,88
BRDA:38,3,0,2
BRDA:38,3,1,86
BRDA:40,4,0,6
BRDA:40,4,1,80
BRDA:42,5,0,2
BRDA:42,5,1,78
BRDA:44,6,0,2
BRDA:44,6,1,76
BRDA:46,7,0,2
BRDA:46,7,1,74
BRDA:53,8,0,2
BRDA:53,8,1,72
BRDA:57,9,0,4
BRDA:57,9,1,68
BRDA:61,10,0,0
BRDA:61,10,1,68
BRDA:116,11,0,4
BRDA:116,11,1,36
BRDA:118,12,0,2
BRDA:118,12,1,34
BRDA:120,13,0,2
BRDA:120,13,1,32
BRDA:122,14,0,6
BRDA:122,14,1,26
BRDA:124,15,0,2
BRDA:124,15,1,24
BRDA:126,16,0,2
BRDA:126,16,1,22
BRDA:128,17,0,10
BRDA:128,17,1,12
BRDA:130,18,0,2
BRDA:130,18,1,10
BRDA:188,19,0,1
BRDA:188,19,1,19
BRDA:190,20,0,1
BRDA:190,20,1,18
BRDA:192,21,0,1
BRDA:192,21,1,17
BRDA:192,22,0,18
BRDA:192,22,1,12
BRDA:192,22,2,5
BRDA:194,23,0,1
BRDA:194,23,1,16
BRDA:194,24,0,17
BRDA:194,24,1,11
BRDA:194,24,2,4
BRDA:227,25,0,1
BRDA:227,25,1,19
BRDA:229,26,0,1
BRDA:229,26,1,18
BRDA:231,27,0,1
BRDA:231,27,1,17
BRDA:231,28,0,18
BRDA:231,28,1,14
BRDA:231,28,2,5
BRDA:233,29,0,1
BRDA:233,29,1,16
BRDA:233,30,0,17
BRDA:233,30,1,13
BRDA:233,30,2,4
BRDA:249,31,0,0
BRDA:249,31,1,0
BRDA:262,32,0,0
BRDA:262,32,1,0
BRDA:275,33,0,0
BRDA:275,33,1,0
BRDA:288,34,0,0
BRDA:288,34,1,0
BRDA:317,35,0,2
BRDA:317,35,1,6
BRDA:321,36,0,2
BRDA:321,36,1,4
BRDA:330,37,0,2
BRDA:330,37,1,10
BRDA:398,38,0,2
BRDA:398,38,1,10
BRDA:402,39,0,2
BRDA:402,39,1,8
BRDA:411,40,0,4
BRDA:411,40,1,14
BRDA:463,41,0,14
BRDA:463,41,1,14
BRDA:463,42,0,28
BRDA:463,42,1,20
BRDA:463,42,2,14
BRDA:477,43,0,0
BRDA:477,43,1,68
BRDA:477,44,0,68
BRDA:477,44,1,20
BRDA:477,44,2,2
BRDA:493,45,0,4
BRDA:493,45,1,118
BRDA:493,46,0,122
BRDA:493,46,1,20
BRDA:512,47,0,2
BRDA:512,47,1,74
BRDA:512,48,0,76
BRDA:512,48,1,28
BRDA:527,49,0,2
BRDA:527,49,1,72
BRDA:527,50,0,74
BRDA:527,50,1,26
BRDA:544,51,0,14
BRDA:544,51,1,80
BRDA:544,52,0,94
BRDA:544,52,1,38
BRDA:562,53,0,0
BRDA:562,53,1,30
BRDA:572,54,0,8
BRDA:572,54,1,0
BRDA:572,55,0,8
BRDA:572,55,1,8
BRDA:572,55,2,8
BRDA:592,56,0,0
BRDA:592,56,1,0
BRDA:599,57,0,0
BRDA:599,57,1,0
BRDA:606,58,0,0
BRDA:606,58,1,0
BRDA:606,59,0,0
BRDA:606,59,1,0
BRDA:606,59,2,0
BRDA:615,60,0,0
BRDA:615,60,1,0
BRDA:615,61,0,0
BRDA:615,61,1,0
BRDA:624,62,0,0
BRDA:624,62,1,1
BRF:132
BRH:106
end_of_record
